[31-Jul-2022 04:51:20 UTC] PHP Parse error:  syntax error, unexpected ')', expecting ':' or '{' in D:\xampp\htdocs\PTIT-Do-An-Thuc-Tap\app\controllers\OrderController.php on line 24
[31-Jul-2022 05:06:42 UTC] PHP Fatal error:  Uncaught Error: Class 'OrderLatestController' not found in D:\xampp\htdocs\PTIT-Do-An-Thuc-Tap\app\core\App.php:508
Stack trace:
#0 D:\xampp\htdocs\PTIT-Do-An-Thuc-Tap\app\core\App.php(570): App->route()
#1 D:\xampp\htdocs\PTIT-Do-An-Thuc-Tap\index.php(73): App->process()
#2 {main}
  thrown in D:\xampp\htdocs\PTIT-Do-An-Thuc-Tap\app\core\App.php on line 508
[31-Jul-2022 07:48:59 UTC] PHP Warning:  Use of undefined constant TABLE - assumed 'TABLE' (this will throw an Error in a future version of PHP) in D:\xampp\htdocs\PTIT-Do-An-Thuc-Tap\app\controllers\OrdersController.php on line 44
[31-Jul-2022 14:29:57 UTC] PHP Notice:  Undefined variable: order in D:\xampp\htdocs\PTIT-Do-An-Thuc-Tap\app\controllers\OrderController.php on line 109
[31-Jul-2022 14:29:57 UTC] PHP Notice:  Trying to get property 'id' of non-object in D:\xampp\htdocs\PTIT-Do-An-Thuc-Tap\app\controllers\OrderController.php on line 109
[31-Jul-2022 14:48:47 UTC] PHP Warning:  count(): Parameter must be an array or an object that implements Countable in D:\xampp\htdocs\PTIT-Do-An-Thuc-Tap\app\controllers\OrderController.php on line 83
[31-Jul-2022 14:48:47 UTC] PHP Notice:  Trying to get property 'id' of non-object in D:\xampp\htdocs\PTIT-Do-An-Thuc-Tap\app\controllers\OrderController.php on line 92
[31-Jul-2022 14:48:47 UTC] PHP Notice:  Trying to get property 'user_id' of non-object in D:\xampp\htdocs\PTIT-Do-An-Thuc-Tap\app\controllers\OrderController.php on line 93
[31-Jul-2022 14:48:47 UTC] PHP Notice:  Trying to get property 'receiver_phone' of non-object in D:\xampp\htdocs\PTIT-Do-An-Thuc-Tap\app\controllers\OrderController.php on line 94
[31-Jul-2022 14:48:47 UTC] PHP Notice:  Trying to get property 'receiver_address' of non-object in D:\xampp\htdocs\PTIT-Do-An-Thuc-Tap\app\controllers\OrderController.php on line 95
[31-Jul-2022 14:48:47 UTC] PHP Notice:  Trying to get property 'receiver_name' of non-object in D:\xampp\htdocs\PTIT-Do-An-Thuc-Tap\app\controllers\OrderController.php on line 96
[31-Jul-2022 14:48:47 UTC] PHP Notice:  Trying to get property 'description' of non-object in D:\xampp\htdocs\PTIT-Do-An-Thuc-Tap\app\controllers\OrderController.php on line 97
[31-Jul-2022 14:48:47 UTC] PHP Notice:  Trying to get property 'description' of non-object in D:\xampp\htdocs\PTIT-Do-An-Thuc-Tap\app\controllers\OrderController.php on line 98
[31-Jul-2022 14:48:47 UTC] PHP Notice:  Trying to get property 'status' of non-object in D:\xampp\htdocs\PTIT-Do-An-Thuc-Tap\app\controllers\OrderController.php on line 99
[31-Jul-2022 14:48:47 UTC] PHP Notice:  Trying to get property 'total' of non-object in D:\xampp\htdocs\PTIT-Do-An-Thuc-Tap\app\controllers\OrderController.php on line 100
[31-Jul-2022 14:48:47 UTC] PHP Notice:  Trying to get property 'create_at' of non-object in D:\xampp\htdocs\PTIT-Do-An-Thuc-Tap\app\controllers\OrderController.php on line 101
[31-Jul-2022 14:48:47 UTC] PHP Notice:  Trying to get property 'update_at' of non-object in D:\xampp\htdocs\PTIT-Do-An-Thuc-Tap\app\controllers\OrderController.php on line 102
[31-Jul-2022 14:48:47 UTC] PHP Notice:  Trying to get property 'id' of non-object in D:\xampp\htdocs\PTIT-Do-An-Thuc-Tap\app\controllers\OrderController.php on line 92
[31-Jul-2022 14:48:47 UTC] PHP Notice:  Trying to get property 'user_id' of non-object in D:\xampp\htdocs\PTIT-Do-An-Thuc-Tap\app\controllers\OrderController.php on line 93
[31-Jul-2022 14:48:47 UTC] PHP Notice:  Trying to get property 'receiver_phone' of non-object in D:\xampp\htdocs\PTIT-Do-An-Thuc-Tap\app\controllers\OrderController.php on line 94
[31-Jul-2022 14:48:47 UTC] PHP Notice:  Trying to get property 'receiver_address' of non-object in D:\xampp\htdocs\PTIT-Do-An-Thuc-Tap\app\controllers\OrderController.php on line 95
[31-Jul-2022 14:48:47 UTC] PHP Notice:  Trying to get property 'receiver_name' of non-object in D:\xampp\htdocs\PTIT-Do-An-Thuc-Tap\app\controllers\OrderController.php on line 96
[31-Jul-2022 14:48:47 UTC] PHP Notice:  Trying to get property 'description' of non-object in D:\xampp\htdocs\PTIT-Do-An-Thuc-Tap\app\controllers\OrderController.php on line 97
[31-Jul-2022 14:48:47 UTC] PHP Notice:  Trying to get property 'description' of non-object in D:\xampp\htdocs\PTIT-Do-An-Thuc-Tap\app\controllers\OrderController.php on line 98
[31-Jul-2022 14:48:47 UTC] PHP Notice:  Trying to get property 'status' of non-object in D:\xampp\htdocs\PTIT-Do-An-Thuc-Tap\app\controllers\OrderController.php on line 99
[31-Jul-2022 14:48:47 UTC] PHP Notice:  Trying to get property 'total' of non-object in D:\xampp\htdocs\PTIT-Do-An-Thuc-Tap\app\controllers\OrderController.php on line 100
[31-Jul-2022 14:48:47 UTC] PHP Notice:  Trying to get property 'create_at' of non-object in D:\xampp\htdocs\PTIT-Do-An-Thuc-Tap\app\controllers\OrderController.php on line 101
[31-Jul-2022 14:48:47 UTC] PHP Notice:  Trying to get property 'update_at' of non-object in D:\xampp\htdocs\PTIT-Do-An-Thuc-Tap\app\controllers\OrderController.php on line 102
[31-Jul-2022 14:48:47 UTC] PHP Notice:  Trying to get property 'id' of non-object in D:\xampp\htdocs\PTIT-Do-An-Thuc-Tap\app\controllers\OrderController.php on line 92
[31-Jul-2022 14:48:47 UTC] PHP Notice:  Trying to get property 'user_id' of non-object in D:\xampp\htdocs\PTIT-Do-An-Thuc-Tap\app\controllers\OrderController.php on line 93
[31-Jul-2022 14:48:47 UTC] PHP Notice:  Trying to get property 'receiver_phone' of non-object in D:\xampp\htdocs\PTIT-Do-An-Thuc-Tap\app\controllers\OrderController.php on line 94
[31-Jul-2022 14:48:47 UTC] PHP Notice:  Trying to get property 'receiver_address' of non-object in D:\xampp\htdocs\PTIT-Do-An-Thuc-Tap\app\controllers\OrderController.php on line 95
[31-Jul-2022 14:48:47 UTC] PHP Notice:  Trying to get property 'receiver_name' of non-object in D:\xampp\htdocs\PTIT-Do-An-Thuc-Tap\app\controllers\OrderController.php on line 96
[31-Jul-2022 14:48:47 UTC] PHP Notice:  Trying to get property 'description' of non-object in D:\xampp\htdocs\PTIT-Do-An-Thuc-Tap\app\controllers\OrderController.php on line 97
[31-Jul-2022 14:48:47 UTC] PHP Notice:  Trying to get property 'description' of non-object in D:\xampp\htdocs\PTIT-Do-An-Thuc-Tap\app\controllers\OrderController.php on line 98
[31-Jul-2022 14:48:47 UTC] PHP Notice:  Trying to get property 'status' of non-object in D:\xampp\htdocs\PTIT-Do-An-Thuc-Tap\app\controllers\OrderController.php on line 99
[31-Jul-2022 14:48:47 UTC] PHP Notice:  Trying to get property 'total' of non-object in D:\xampp\htdocs\PTIT-Do-An-Thuc-Tap\app\controllers\OrderController.php on line 100
[31-Jul-2022 14:48:47 UTC] PHP Notice:  Trying to get property 'create_at' of non-object in D:\xampp\htdocs\PTIT-Do-An-Thuc-Tap\app\controllers\OrderController.php on line 101
[31-Jul-2022 14:48:47 UTC] PHP Notice:  Trying to get property 'update_at' of non-object in D:\xampp\htdocs\PTIT-Do-An-Thuc-Tap\app\controllers\OrderController.php on line 102
[31-Jul-2022 14:48:47 UTC] PHP Notice:  Trying to get property 'id' of non-object in D:\xampp\htdocs\PTIT-Do-An-Thuc-Tap\app\controllers\OrderController.php on line 92
[31-Jul-2022 14:48:47 UTC] PHP Notice:  Trying to get property 'user_id' of non-object in D:\xampp\htdocs\PTIT-Do-An-Thuc-Tap\app\controllers\OrderController.php on line 93
[31-Jul-2022 14:48:47 UTC] PHP Notice:  Trying to get property 'receiver_phone' of non-object in D:\xampp\htdocs\PTIT-Do-An-Thuc-Tap\app\controllers\OrderController.php on line 94
[31-Jul-2022 14:48:47 UTC] PHP Notice:  Trying to get property 'receiver_address' of non-object in D:\xampp\htdocs\PTIT-Do-An-Thuc-Tap\app\controllers\OrderController.php on line 95
[31-Jul-2022 14:48:47 UTC] PHP Notice:  Trying to get property 'receiver_name' of non-object in D:\xampp\htdocs\PTIT-Do-An-Thuc-Tap\app\controllers\OrderController.php on line 96
[31-Jul-2022 14:48:47 UTC] PHP Notice:  Trying to get property 'description' of non-object in D:\xampp\htdocs\PTIT-Do-An-Thuc-Tap\app\controllers\OrderController.php on line 97
[31-Jul-2022 14:48:47 UTC] PHP Notice:  Trying to get property 'description' of non-object in D:\xampp\htdocs\PTIT-Do-An-Thuc-Tap\app\controllers\OrderController.php on line 98
[31-Jul-2022 14:48:47 UTC] PHP Notice:  Trying to get property 'status' of non-object in D:\xampp\htdocs\PTIT-Do-An-Thuc-Tap\app\controllers\OrderController.php on line 99
[31-Jul-2022 14:48:47 UTC] PHP Notice:  Trying to get property 'total' of non-object in D:\xampp\htdocs\PTIT-Do-An-Thuc-Tap\app\controllers\OrderController.php on line 100
[31-Jul-2022 14:48:47 UTC] PHP Notice:  Trying to get property 'create_at' of non-object in D:\xampp\htdocs\PTIT-Do-An-Thuc-Tap\app\controllers\OrderController.php on line 101
[31-Jul-2022 14:48:47 UTC] PHP Notice:  Trying to get property 'update_at' of non-object in D:\xampp\htdocs\PTIT-Do-An-Thuc-Tap\app\controllers\OrderController.php on line 102
[31-Jul-2022 14:48:47 UTC] PHP Notice:  Trying to get property 'id' of non-object in D:\xampp\htdocs\PTIT-Do-An-Thuc-Tap\app\controllers\OrderController.php on line 92
[31-Jul-2022 14:48:47 UTC] PHP Notice:  Trying to get property 'user_id' of non-object in D:\xampp\htdocs\PTIT-Do-An-Thuc-Tap\app\controllers\OrderController.php on line 93
[31-Jul-2022 14:48:47 UTC] PHP Notice:  Trying to get property 'receiver_phone' of non-object in D:\xampp\htdocs\PTIT-Do-An-Thuc-Tap\app\controllers\OrderController.php on line 94
[31-Jul-2022 14:48:47 UTC] PHP Notice:  Trying to get property 'receiver_address' of non-object in D:\xampp\htdocs\PTIT-Do-An-Thuc-Tap\app\controllers\OrderController.php on line 95
[31-Jul-2022 14:48:47 UTC] PHP Notice:  Trying to get property 'receiver_name' of non-object in D:\xampp\htdocs\PTIT-Do-An-Thuc-Tap\app\controllers\OrderController.php on line 96
[31-Jul-2022 14:48:47 UTC] PHP Notice:  Trying to get property 'description' of non-object in D:\xampp\htdocs\PTIT-Do-An-Thuc-Tap\app\controllers\OrderController.php on line 97
[31-Jul-2022 14:48:47 UTC] PHP Notice:  Trying to get property 'description' of non-object in D:\xampp\htdocs\PTIT-Do-An-Thuc-Tap\app\controllers\OrderController.php on line 98
[31-Jul-2022 14:48:47 UTC] PHP Notice:  Trying to get property 'status' of non-object in D:\xampp\htdocs\PTIT-Do-An-Thuc-Tap\app\controllers\OrderController.php on line 99
[31-Jul-2022 14:48:47 UTC] PHP Notice:  Trying to get property 'total' of non-object in D:\xampp\htdocs\PTIT-Do-An-Thuc-Tap\app\controllers\OrderController.php on line 100
[31-Jul-2022 14:48:47 UTC] PHP Notice:  Trying to get property 'create_at' of non-object in D:\xampp\htdocs\PTIT-Do-An-Thuc-Tap\app\controllers\OrderController.php on line 101
[31-Jul-2022 14:48:47 UTC] PHP Notice:  Trying to get property 'update_at' of non-object in D:\xampp\htdocs\PTIT-Do-An-Thuc-Tap\app\controllers\OrderController.php on line 102
[31-Jul-2022 14:48:47 UTC] PHP Notice:  Trying to get property 'id' of non-object in D:\xampp\htdocs\PTIT-Do-An-Thuc-Tap\app\controllers\OrderController.php on line 92
[31-Jul-2022 14:48:47 UTC] PHP Notice:  Trying to get property 'user_id' of non-object in D:\xampp\htdocs\PTIT-Do-An-Thuc-Tap\app\controllers\OrderController.php on line 93
[31-Jul-2022 14:48:47 UTC] PHP Notice:  Trying to get property 'receiver_phone' of non-object in D:\xampp\htdocs\PTIT-Do-An-Thuc-Tap\app\controllers\OrderController.php on line 94
[31-Jul-2022 14:48:47 UTC] PHP Notice:  Trying to get property 'receiver_address' of non-object in D:\xampp\htdocs\PTIT-Do-An-Thuc-Tap\app\controllers\OrderController.php on line 95
[31-Jul-2022 14:48:47 UTC] PHP Notice:  Trying to get property 'receiver_name' of non-object in D:\xampp\htdocs\PTIT-Do-An-Thuc-Tap\app\controllers\OrderController.php on line 96
[31-Jul-2022 14:48:47 UTC] PHP Notice:  Trying to get property 'description' of non-object in D:\xampp\htdocs\PTIT-Do-An-Thuc-Tap\app\controllers\OrderController.php on line 97
[31-Jul-2022 14:48:47 UTC] PHP Notice:  Trying to get property 'description' of non-object in D:\xampp\htdocs\PTIT-Do-An-Thuc-Tap\app\controllers\OrderController.php on line 98
[31-Jul-2022 14:48:47 UTC] PHP Notice:  Trying to get property 'status' of non-object in D:\xampp\htdocs\PTIT-Do-An-Thuc-Tap\app\controllers\OrderController.php on line 99
[31-Jul-2022 14:48:47 UTC] PHP Notice:  Trying to get property 'total' of non-object in D:\xampp\htdocs\PTIT-Do-An-Thuc-Tap\app\controllers\OrderController.php on line 100
[31-Jul-2022 14:48:47 UTC] PHP Notice:  Trying to get property 'create_at' of non-object in D:\xampp\htdocs\PTIT-Do-An-Thuc-Tap\app\controllers\OrderController.php on line 101
[31-Jul-2022 14:48:47 UTC] PHP Notice:  Trying to get property 'update_at' of non-object in D:\xampp\htdocs\PTIT-Do-An-Thuc-Tap\app\controllers\OrderController.php on line 102
[31-Jul-2022 14:48:47 UTC] PHP Notice:  Trying to get property 'id' of non-object in D:\xampp\htdocs\PTIT-Do-An-Thuc-Tap\app\controllers\OrderController.php on line 92
[31-Jul-2022 14:48:47 UTC] PHP Notice:  Trying to get property 'user_id' of non-object in D:\xampp\htdocs\PTIT-Do-An-Thuc-Tap\app\controllers\OrderController.php on line 93
[31-Jul-2022 14:48:47 UTC] PHP Notice:  Trying to get property 'receiver_phone' of non-object in D:\xampp\htdocs\PTIT-Do-An-Thuc-Tap\app\controllers\OrderController.php on line 94
[31-Jul-2022 14:48:47 UTC] PHP Notice:  Trying to get property 'receiver_address' of non-object in D:\xampp\htdocs\PTIT-Do-An-Thuc-Tap\app\controllers\OrderController.php on line 95
[31-Jul-2022 14:48:47 UTC] PHP Notice:  Trying to get property 'receiver_name' of non-object in D:\xampp\htdocs\PTIT-Do-An-Thuc-Tap\app\controllers\OrderController.php on line 96
[31-Jul-2022 14:48:47 UTC] PHP Notice:  Trying to get property 'description' of non-object in D:\xampp\htdocs\PTIT-Do-An-Thuc-Tap\app\controllers\OrderController.php on line 97
[31-Jul-2022 14:48:47 UTC] PHP Notice:  Trying to get property 'description' of non-object in D:\xampp\htdocs\PTIT-Do-An-Thuc-Tap\app\controllers\OrderController.php on line 98
[31-Jul-2022 14:48:47 UTC] PHP Notice:  Trying to get property 'status' of non-object in D:\xampp\htdocs\PTIT-Do-An-Thuc-Tap\app\controllers\OrderController.php on line 99
[31-Jul-2022 14:48:47 UTC] PHP Notice:  Trying to get property 'total' of non-object in D:\xampp\htdocs\PTIT-Do-An-Thuc-Tap\app\controllers\OrderController.php on line 100
[31-Jul-2022 14:48:47 UTC] PHP Notice:  Trying to get property 'create_at' of non-object in D:\xampp\htdocs\PTIT-Do-An-Thuc-Tap\app\controllers\OrderController.php on line 101
[31-Jul-2022 14:48:47 UTC] PHP Notice:  Trying to get property 'update_at' of non-object in D:\xampp\htdocs\PTIT-Do-An-Thuc-Tap\app\controllers\OrderController.php on line 102
[31-Jul-2022 14:48:47 UTC] PHP Notice:  Trying to get property 'id' of non-object in D:\xampp\htdocs\PTIT-Do-An-Thuc-Tap\app\controllers\OrderController.php on line 92
[31-Jul-2022 14:48:47 UTC] PHP Notice:  Trying to get property 'user_id' of non-object in D:\xampp\htdocs\PTIT-Do-An-Thuc-Tap\app\controllers\OrderController.php on line 93
[31-Jul-2022 14:48:47 UTC] PHP Notice:  Trying to get property 'receiver_phone' of non-object in D:\xampp\htdocs\PTIT-Do-An-Thuc-Tap\app\controllers\OrderController.php on line 94
[31-Jul-2022 14:48:47 UTC] PHP Notice:  Trying to get property 'receiver_address' of non-object in D:\xampp\htdocs\PTIT-Do-An-Thuc-Tap\app\controllers\OrderController.php on line 95
[31-Jul-2022 14:48:47 UTC] PHP Notice:  Trying to get property 'receiver_name' of non-object in D:\xampp\htdocs\PTIT-Do-An-Thuc-Tap\app\controllers\OrderController.php on line 96
[31-Jul-2022 14:48:47 UTC] PHP Notice:  Trying to get property 'description' of non-object in D:\xampp\htdocs\PTIT-Do-An-Thuc-Tap\app\controllers\OrderController.php on line 97
[31-Jul-2022 14:48:47 UTC] PHP Notice:  Trying to get property 'description' of non-object in D:\xampp\htdocs\PTIT-Do-An-Thuc-Tap\app\controllers\OrderController.php on line 98
[31-Jul-2022 14:48:47 UTC] PHP Notice:  Trying to get property 'status' of non-object in D:\xampp\htdocs\PTIT-Do-An-Thuc-Tap\app\controllers\OrderController.php on line 99
[31-Jul-2022 14:48:47 UTC] PHP Notice:  Trying to get property 'total' of non-object in D:\xampp\htdocs\PTIT-Do-An-Thuc-Tap\app\controllers\OrderController.php on line 100
[31-Jul-2022 14:48:47 UTC] PHP Notice:  Trying to get property 'create_at' of non-object in D:\xampp\htdocs\PTIT-Do-An-Thuc-Tap\app\controllers\OrderController.php on line 101
[31-Jul-2022 14:48:47 UTC] PHP Notice:  Trying to get property 'update_at' of non-object in D:\xampp\htdocs\PTIT-Do-An-Thuc-Tap\app\controllers\OrderController.php on line 102
[31-Jul-2022 14:48:47 UTC] PHP Notice:  Trying to get property 'id' of non-object in D:\xampp\htdocs\PTIT-Do-An-Thuc-Tap\app\controllers\OrderController.php on line 92
[31-Jul-2022 14:48:47 UTC] PHP Notice:  Trying to get property 'user_id' of non-object in D:\xampp\htdocs\PTIT-Do-An-Thuc-Tap\app\controllers\OrderController.php on line 93
[31-Jul-2022 14:48:47 UTC] PHP Notice:  Trying to get property 'receiver_phone' of non-object in D:\xampp\htdocs\PTIT-Do-An-Thuc-Tap\app\controllers\OrderController.php on line 94
[31-Jul-2022 14:48:47 UTC] PHP Notice:  Trying to get property 'receiver_address' of non-object in D:\xampp\htdocs\PTIT-Do-An-Thuc-Tap\app\controllers\OrderController.php on line 95
[31-Jul-2022 14:48:47 UTC] PHP Notice:  Trying to get property 'receiver_name' of non-object in D:\xampp\htdocs\PTIT-Do-An-Thuc-Tap\app\controllers\OrderController.php on line 96
[31-Jul-2022 14:48:47 UTC] PHP Notice:  Trying to get property 'description' of non-object in D:\xampp\htdocs\PTIT-Do-An-Thuc-Tap\app\controllers\OrderController.php on line 97
[31-Jul-2022 14:48:47 UTC] PHP Notice:  Trying to get property 'description' of non-object in D:\xampp\htdocs\PTIT-Do-An-Thuc-Tap\app\controllers\OrderController.php on line 98
[31-Jul-2022 14:48:47 UTC] PHP Notice:  Trying to get property 'status' of non-object in D:\xampp\htdocs\PTIT-Do-An-Thuc-Tap\app\controllers\OrderController.php on line 99
[31-Jul-2022 14:48:47 UTC] PHP Notice:  Trying to get property 'total' of non-object in D:\xampp\htdocs\PTIT-Do-An-Thuc-Tap\app\controllers\OrderController.php on line 100
[31-Jul-2022 14:48:47 UTC] PHP Notice:  Trying to get property 'create_at' of non-object in D:\xampp\htdocs\PTIT-Do-An-Thuc-Tap\app\controllers\OrderController.php on line 101
[31-Jul-2022 14:48:47 UTC] PHP Notice:  Trying to get property 'update_at' of non-object in D:\xampp\htdocs\PTIT-Do-An-Thuc-Tap\app\controllers\OrderController.php on line 102
[31-Jul-2022 14:48:47 UTC] PHP Notice:  Trying to get property 'id' of non-object in D:\xampp\htdocs\PTIT-Do-An-Thuc-Tap\app\controllers\OrderController.php on line 92
[31-Jul-2022 14:48:47 UTC] PHP Notice:  Trying to get property 'user_id' of non-object in D:\xampp\htdocs\PTIT-Do-An-Thuc-Tap\app\controllers\OrderController.php on line 93
[31-Jul-2022 14:48:47 UTC] PHP Notice:  Trying to get property 'receiver_phone' of non-object in D:\xampp\htdocs\PTIT-Do-An-Thuc-Tap\app\controllers\OrderController.php on line 94
[31-Jul-2022 14:48:47 UTC] PHP Notice:  Trying to get property 'receiver_address' of non-object in D:\xampp\htdocs\PTIT-Do-An-Thuc-Tap\app\controllers\OrderController.php on line 95
[31-Jul-2022 14:48:47 UTC] PHP Notice:  Trying to get property 'receiver_name' of non-object in D:\xampp\htdocs\PTIT-Do-An-Thuc-Tap\app\controllers\OrderController.php on line 96
[31-Jul-2022 14:48:47 UTC] PHP Notice:  Trying to get property 'description' of non-object in D:\xampp\htdocs\PTIT-Do-An-Thuc-Tap\app\controllers\OrderController.php on line 97
[31-Jul-2022 14:48:47 UTC] PHP Notice:  Trying to get property 'description' of non-object in D:\xampp\htdocs\PTIT-Do-An-Thuc-Tap\app\controllers\OrderController.php on line 98
[31-Jul-2022 14:48:47 UTC] PHP Notice:  Trying to get property 'status' of non-object in D:\xampp\htdocs\PTIT-Do-An-Thuc-Tap\app\controllers\OrderController.php on line 99
[31-Jul-2022 14:48:47 UTC] PHP Notice:  Trying to get property 'total' of non-object in D:\xampp\htdocs\PTIT-Do-An-Thuc-Tap\app\controllers\OrderController.php on line 100
[31-Jul-2022 14:48:47 UTC] PHP Notice:  Trying to get property 'create_at' of non-object in D:\xampp\htdocs\PTIT-Do-An-Thuc-Tap\app\controllers\OrderController.php on line 101
[31-Jul-2022 14:48:47 UTC] PHP Notice:  Trying to get property 'update_at' of non-object in D:\xampp\htdocs\PTIT-Do-An-Thuc-Tap\app\controllers\OrderController.php on line 102
[31-Jul-2022 14:49:19 UTC] PHP Warning:  count(): Parameter must be an array or an object that implements Countable in D:\xampp\htdocs\PTIT-Do-An-Thuc-Tap\app\controllers\OrderController.php on line 83
