[Thu Jun 30 07:28:04.191129 2022] [core:warn] [pid 15912:tid 440] AH00098: pid file D:/xampp/apache/logs/httpd.pid overwritten -- Unclean shutdown of previous Apache run?
[Thu Jun 30 07:28:04.848203 2022] [mpm_winnt:notice] [pid 15912:tid 440] AH00455: Apache/2.4.53 (Win64) OpenSSL/1.1.1n PHP/7.4.29 configured -- resuming normal operations
[Thu Jun 30 07:28:04.848203 2022] [mpm_winnt:notice] [pid 15912:tid 440] AH00456: Apache Lounge VC15 Server built: Mar 16 2022 15:48:38
[Thu Jun 30 07:28:04.848203 2022] [core:notice] [pid 15912:tid 440] AH00094: Command line: 'd:\\xampp\\apache\\bin\\httpd.exe -d D:/xampp/apache'
[Thu Jun 30 07:28:04.860124 2022] [mpm_winnt:notice] [pid 15912:tid 440] AH00418: Parent: Created child process 18920
[Thu Jun 30 07:28:06.293122 2022] [mpm_winnt:notice] [pid 18920:tid 468] AH00354: Child: Starting 150 worker threads.
[Thu Jun 30 07:28:07.245184 2022] [php7:notice] [pid 18920:tid 1856] [client ::1:58773] PHP Deprecated:  Array and string offset access syntax with curly braces is deprecated in D:\\xampp\\htdocs\\nextpost\\app\\vendor\\kint-php\\kint\\inc\\kintParser.class.php on line 463
[Thu Jun 30 07:28:07.246183 2022] [php7:notice] [pid 18920:tid 1856] [client ::1:58773] PHP Deprecated:  Array and string offset access syntax with curly braces is deprecated in D:\\xampp\\htdocs\\nextpost\\app\\vendor\\kint-php\\kint\\inc\\kintParser.class.php on line 465
[Thu Jun 30 07:28:07.953286 2022] [php7:notice] [pid 18920:tid 1856] [client ::1:58773] PHP Deprecated:  Array and string offset access syntax with curly braces is deprecated in D:\\xampp\\htdocs\\nextpost\\app\\vendor\\kint-php\\kint\\inc\\kintParser.class.php on line 463, referer: http://localhost/nextpost/categories
[Thu Jun 30 07:28:07.954284 2022] [php7:notice] [pid 18920:tid 1856] [client ::1:58773] PHP Deprecated:  Array and string offset access syntax with curly braces is deprecated in D:\\xampp\\htdocs\\nextpost\\app\\vendor\\kint-php\\kint\\inc\\kintParser.class.php on line 465, referer: http://localhost/nextpost/categories
[Thu Jun 30 07:28:59.186301 2022] [php7:notice] [pid 18920:tid 1864] [client ::1:58780] PHP Deprecated:  Array and string offset access syntax with curly braces is deprecated in D:\\xampp\\htdocs\\nextpost\\app\\vendor\\kint-php\\kint\\inc\\kintParser.class.php on line 463
[Thu Jun 30 07:28:59.187301 2022] [php7:notice] [pid 18920:tid 1864] [client ::1:58780] PHP Deprecated:  Array and string offset access syntax with curly braces is deprecated in D:\\xampp\\htdocs\\nextpost\\app\\vendor\\kint-php\\kint\\inc\\kintParser.class.php on line 465
[Thu Jun 30 07:28:59.356294 2022] [php7:notice] [pid 18920:tid 1864] [client ::1:58780] PHP Deprecated:  Array and string offset access syntax with curly braces is deprecated in D:\\xampp\\htdocs\\nextpost\\app\\vendor\\kint-php\\kint\\inc\\kintParser.class.php on line 463, referer: http://localhost/nextpost/categories
[Thu Jun 30 07:28:59.356294 2022] [php7:notice] [pid 18920:tid 1864] [client ::1:58780] PHP Deprecated:  Array and string offset access syntax with curly braces is deprecated in D:\\xampp\\htdocs\\nextpost\\app\\vendor\\kint-php\\kint\\inc\\kintParser.class.php on line 465, referer: http://localhost/nextpost/categories
[Thu Jun 30 07:29:08.276247 2022] [php7:notice] [pid 18920:tid 1856] [client ::1:58788] PHP Deprecated:  Array and string offset access syntax with curly braces is deprecated in D:\\xampp\\htdocs\\nextpost\\app\\vendor\\kint-php\\kint\\inc\\kintParser.class.php on line 463
[Thu Jun 30 07:29:08.278246 2022] [php7:notice] [pid 18920:tid 1856] [client ::1:58788] PHP Deprecated:  Array and string offset access syntax with curly braces is deprecated in D:\\xampp\\htdocs\\nextpost\\app\\vendor\\kint-php\\kint\\inc\\kintParser.class.php on line 465
[Thu Jun 30 07:29:25.800771 2022] [php7:notice] [pid 18920:tid 1864] [client ::1:58792] PHP Deprecated:  Array and string offset access syntax with curly braces is deprecated in D:\\xampp\\htdocs\\nextpost\\app\\vendor\\kint-php\\kint\\inc\\kintParser.class.php on line 463
[Thu Jun 30 07:29:25.801773 2022] [php7:notice] [pid 18920:tid 1864] [client ::1:58792] PHP Deprecated:  Array and string offset access syntax with curly braces is deprecated in D:\\xampp\\htdocs\\nextpost\\app\\vendor\\kint-php\\kint\\inc\\kintParser.class.php on line 465
[Thu Jun 30 07:29:25.889775 2022] [php7:notice] [pid 18920:tid 1864] [client ::1:58792] PHP Deprecated:  Array and string offset access syntax with curly braces is deprecated in D:\\xampp\\htdocs\\nextpost\\app\\vendor\\kint-php\\kint\\inc\\kintParser.class.php on line 463, referer: http://localhost/nextpost/categories
[Thu Jun 30 07:29:25.889775 2022] [php7:notice] [pid 18920:tid 1864] [client ::1:58792] PHP Deprecated:  Array and string offset access syntax with curly braces is deprecated in D:\\xampp\\htdocs\\nextpost\\app\\vendor\\kint-php\\kint\\inc\\kintParser.class.php on line 465, referer: http://localhost/nextpost/categories
[Thu Jun 30 07:30:01.799344 2022] [php7:notice] [pid 18920:tid 1856] [client ::1:58797] PHP Deprecated:  Array and string offset access syntax with curly braces is deprecated in D:\\xampp\\htdocs\\nextpost\\app\\vendor\\kint-php\\kint\\inc\\kintParser.class.php on line 463
[Thu Jun 30 07:30:01.800342 2022] [php7:notice] [pid 18920:tid 1856] [client ::1:58797] PHP Deprecated:  Array and string offset access syntax with curly braces is deprecated in D:\\xampp\\htdocs\\nextpost\\app\\vendor\\kint-php\\kint\\inc\\kintParser.class.php on line 465
[Thu Jun 30 07:30:01.913346 2022] [php7:notice] [pid 18920:tid 1856] [client ::1:58797] PHP Deprecated:  Array and string offset access syntax with curly braces is deprecated in D:\\xampp\\htdocs\\nextpost\\app\\vendor\\kint-php\\kint\\inc\\kintParser.class.php on line 463, referer: http://localhost/nextpost/categories
[Thu Jun 30 07:30:01.913346 2022] [php7:notice] [pid 18920:tid 1856] [client ::1:58797] PHP Deprecated:  Array and string offset access syntax with curly braces is deprecated in D:\\xampp\\htdocs\\nextpost\\app\\vendor\\kint-php\\kint\\inc\\kintParser.class.php on line 465, referer: http://localhost/nextpost/categories
[Thu Jun 30 07:33:45.529197 2022] [php7:notice] [pid 18920:tid 1864] [client ::1:64357] PHP Deprecated:  Array and string offset access syntax with curly braces is deprecated in D:\\xampp\\htdocs\\nextpost\\app\\vendor\\kint-php\\kint\\inc\\kintParser.class.php on line 463
[Thu Jun 30 07:33:45.529197 2022] [php7:notice] [pid 18920:tid 1864] [client ::1:64357] PHP Deprecated:  Array and string offset access syntax with curly braces is deprecated in D:\\xampp\\htdocs\\nextpost\\app\\vendor\\kint-php\\kint\\inc\\kintParser.class.php on line 465
[Thu Jun 30 07:33:45.647200 2022] [php7:notice] [pid 18920:tid 1864] [client ::1:64357] PHP Deprecated:  Array and string offset access syntax with curly braces is deprecated in D:\\xampp\\htdocs\\nextpost\\app\\vendor\\kint-php\\kint\\inc\\kintParser.class.php on line 463, referer: http://localhost/nextpost/categories
[Thu Jun 30 07:33:45.648204 2022] [php7:notice] [pid 18920:tid 1864] [client ::1:64357] PHP Deprecated:  Array and string offset access syntax with curly braces is deprecated in D:\\xampp\\htdocs\\nextpost\\app\\vendor\\kint-php\\kint\\inc\\kintParser.class.php on line 465, referer: http://localhost/nextpost/categories
[Thu Jun 30 07:34:24.299237 2022] [php7:notice] [pid 18920:tid 1856] [client ::1:64379] PHP Deprecated:  Array and string offset access syntax with curly braces is deprecated in D:\\xampp\\htdocs\\nextpost\\app\\vendor\\kint-php\\kint\\inc\\kintParser.class.php on line 463
[Thu Jun 30 07:34:24.301237 2022] [php7:notice] [pid 18920:tid 1856] [client ::1:64379] PHP Deprecated:  Array and string offset access syntax with curly braces is deprecated in D:\\xampp\\htdocs\\nextpost\\app\\vendor\\kint-php\\kint\\inc\\kintParser.class.php on line 465
[Thu Jun 30 07:34:24.466706 2022] [php7:notice] [pid 18920:tid 1856] [client ::1:64379] PHP Deprecated:  Array and string offset access syntax with curly braces is deprecated in D:\\xampp\\htdocs\\nextpost\\app\\vendor\\kint-php\\kint\\inc\\kintParser.class.php on line 463, referer: http://localhost/nextpost/categories
[Thu Jun 30 07:34:24.467692 2022] [php7:notice] [pid 18920:tid 1856] [client ::1:64379] PHP Deprecated:  Array and string offset access syntax with curly braces is deprecated in D:\\xampp\\htdocs\\nextpost\\app\\vendor\\kint-php\\kint\\inc\\kintParser.class.php on line 465, referer: http://localhost/nextpost/categories
[Thu Jun 30 07:36:26.425554 2022] [php7:notice] [pid 18920:tid 1864] [client ::1:64395] PHP Deprecated:  Array and string offset access syntax with curly braces is deprecated in D:\\xampp\\htdocs\\nextpost\\app\\vendor\\kint-php\\kint\\inc\\kintParser.class.php on line 463
[Thu Jun 30 07:36:26.426557 2022] [php7:notice] [pid 18920:tid 1864] [client ::1:64395] PHP Deprecated:  Array and string offset access syntax with curly braces is deprecated in D:\\xampp\\htdocs\\nextpost\\app\\vendor\\kint-php\\kint\\inc\\kintParser.class.php on line 465
[Thu Jun 30 07:38:59.098135 2022] [php7:notice] [pid 18920:tid 1856] [client ::1:52366] PHP Deprecated:  Array and string offset access syntax with curly braces is deprecated in D:\\xampp\\htdocs\\nextpost\\app\\vendor\\kint-php\\kint\\inc\\kintParser.class.php on line 463
[Thu Jun 30 07:38:59.099135 2022] [php7:notice] [pid 18920:tid 1856] [client ::1:52366] PHP Deprecated:  Array and string offset access syntax with curly braces is deprecated in D:\\xampp\\htdocs\\nextpost\\app\\vendor\\kint-php\\kint\\inc\\kintParser.class.php on line 465
[Thu Jun 30 07:42:03.643661 2022] [php7:notice] [pid 18920:tid 1864] [client ::1:52384] PHP Deprecated:  Array and string offset access syntax with curly braces is deprecated in D:\\xampp\\htdocs\\nextpost\\app\\vendor\\kint-php\\kint\\inc\\kintParser.class.php on line 463
[Thu Jun 30 07:42:03.643661 2022] [php7:notice] [pid 18920:tid 1864] [client ::1:52384] PHP Deprecated:  Array and string offset access syntax with curly braces is deprecated in D:\\xampp\\htdocs\\nextpost\\app\\vendor\\kint-php\\kint\\inc\\kintParser.class.php on line 465
[Thu Jun 30 07:45:33.083859 2022] [php7:notice] [pid 18920:tid 1856] [client ::1:54515] PHP Deprecated:  Array and string offset access syntax with curly braces is deprecated in D:\\xampp\\htdocs\\nextpost\\app\\vendor\\kint-php\\kint\\inc\\kintParser.class.php on line 463
[Thu Jun 30 07:45:33.083859 2022] [php7:notice] [pid 18920:tid 1856] [client ::1:54515] PHP Deprecated:  Array and string offset access syntax with curly braces is deprecated in D:\\xampp\\htdocs\\nextpost\\app\\vendor\\kint-php\\kint\\inc\\kintParser.class.php on line 465
[Thu Jun 30 07:45:33.197860 2022] [php7:notice] [pid 18920:tid 1856] [client ::1:54515] PHP Deprecated:  Array and string offset access syntax with curly braces is deprecated in D:\\xampp\\htdocs\\nextpost\\app\\vendor\\kint-php\\kint\\inc\\kintParser.class.php on line 463, referer: http://localhost/nextpost/categories
[Thu Jun 30 07:45:33.197860 2022] [php7:notice] [pid 18920:tid 1856] [client ::1:54515] PHP Deprecated:  Array and string offset access syntax with curly braces is deprecated in D:\\xampp\\htdocs\\nextpost\\app\\vendor\\kint-php\\kint\\inc\\kintParser.class.php on line 465, referer: http://localhost/nextpost/categories
[Thu Jun 30 07:48:27.620673 2022] [php7:notice] [pid 18920:tid 1864] [client ::1:51598] PHP Deprecated:  Array and string offset access syntax with curly braces is deprecated in D:\\xampp\\htdocs\\nextpost\\app\\vendor\\kint-php\\kint\\inc\\kintParser.class.php on line 463
[Thu Jun 30 07:48:27.620673 2022] [php7:notice] [pid 18920:tid 1864] [client ::1:51598] PHP Deprecated:  Array and string offset access syntax with curly braces is deprecated in D:\\xampp\\htdocs\\nextpost\\app\\vendor\\kint-php\\kint\\inc\\kintParser.class.php on line 465
[Thu Jun 30 07:48:42.611740 2022] [php7:notice] [pid 18920:tid 1856] [client ::1:51601] PHP Deprecated:  Array and string offset access syntax with curly braces is deprecated in D:\\xampp\\htdocs\\nextpost\\app\\vendor\\kint-php\\kint\\inc\\kintParser.class.php on line 463
[Thu Jun 30 07:48:42.612730 2022] [php7:notice] [pid 18920:tid 1856] [client ::1:51601] PHP Deprecated:  Array and string offset access syntax with curly braces is deprecated in D:\\xampp\\htdocs\\nextpost\\app\\vendor\\kint-php\\kint\\inc\\kintParser.class.php on line 465
[Thu Jun 30 07:48:42.757730 2022] [php7:notice] [pid 18920:tid 1856] [client ::1:51601] PHP Deprecated:  Array and string offset access syntax with curly braces is deprecated in D:\\xampp\\htdocs\\nextpost\\app\\vendor\\kint-php\\kint\\inc\\kintParser.class.php on line 463, referer: http://localhost/nextpost/categories
[Thu Jun 30 07:48:42.758732 2022] [php7:notice] [pid 18920:tid 1856] [client ::1:51601] PHP Deprecated:  Array and string offset access syntax with curly braces is deprecated in D:\\xampp\\htdocs\\nextpost\\app\\vendor\\kint-php\\kint\\inc\\kintParser.class.php on line 465, referer: http://localhost/nextpost/categories
[Thu Jun 30 07:50:46.801525 2022] [php7:notice] [pid 18920:tid 1864] [client ::1:52339] PHP Deprecated:  Array and string offset access syntax with curly braces is deprecated in D:\\xampp\\htdocs\\nextpost\\app\\vendor\\kint-php\\kint\\inc\\kintParser.class.php on line 463
[Thu Jun 30 07:50:46.801525 2022] [php7:notice] [pid 18920:tid 1864] [client ::1:52339] PHP Deprecated:  Array and string offset access syntax with curly braces is deprecated in D:\\xampp\\htdocs\\nextpost\\app\\vendor\\kint-php\\kint\\inc\\kintParser.class.php on line 465
[Thu Jun 30 07:50:46.935530 2022] [php7:notice] [pid 18920:tid 1864] [client ::1:52339] PHP Deprecated:  Array and string offset access syntax with curly braces is deprecated in D:\\xampp\\htdocs\\nextpost\\app\\vendor\\kint-php\\kint\\inc\\kintParser.class.php on line 463, referer: http://localhost/nextpost/categories
[Thu Jun 30 07:50:46.936528 2022] [php7:notice] [pid 18920:tid 1864] [client ::1:52339] PHP Deprecated:  Array and string offset access syntax with curly braces is deprecated in D:\\xampp\\htdocs\\nextpost\\app\\vendor\\kint-php\\kint\\inc\\kintParser.class.php on line 465, referer: http://localhost/nextpost/categories
[Thu Jun 30 07:53:45.951039 2022] [php7:notice] [pid 18920:tid 1836] [client ::1:52433] PHP Deprecated:  Array and string offset access syntax with curly braces is deprecated in D:\\xampp\\htdocs\\nextpost\\app\\vendor\\kint-php\\kint\\inc\\kintParser.class.php on line 463
[Thu Jun 30 07:53:45.952034 2022] [php7:notice] [pid 18920:tid 1836] [client ::1:52433] PHP Deprecated:  Array and string offset access syntax with curly braces is deprecated in D:\\xampp\\htdocs\\nextpost\\app\\vendor\\kint-php\\kint\\inc\\kintParser.class.php on line 465
[Thu Jun 30 07:53:46.076037 2022] [php7:notice] [pid 18920:tid 1836] [client ::1:52433] PHP Deprecated:  Array and string offset access syntax with curly braces is deprecated in D:\\xampp\\htdocs\\nextpost\\app\\vendor\\kint-php\\kint\\inc\\kintParser.class.php on line 463, referer: http://localhost/nextpost/categories
[Thu Jun 30 07:53:46.077037 2022] [php7:notice] [pid 18920:tid 1836] [client ::1:52433] PHP Deprecated:  Array and string offset access syntax with curly braces is deprecated in D:\\xampp\\htdocs\\nextpost\\app\\vendor\\kint-php\\kint\\inc\\kintParser.class.php on line 465, referer: http://localhost/nextpost/categories
[Thu Jun 30 07:54:05.776517 2022] [php7:notice] [pid 18920:tid 1836] [client ::1:52437] PHP Deprecated:  Array and string offset access syntax with curly braces is deprecated in D:\\xampp\\htdocs\\nextpost\\app\\vendor\\kint-php\\kint\\inc\\kintParser.class.php on line 463
[Thu Jun 30 07:54:05.776517 2022] [php7:notice] [pid 18920:tid 1836] [client ::1:52437] PHP Deprecated:  Array and string offset access syntax with curly braces is deprecated in D:\\xampp\\htdocs\\nextpost\\app\\vendor\\kint-php\\kint\\inc\\kintParser.class.php on line 465
[Thu Jun 30 07:54:06.233515 2022] [php7:notice] [pid 18920:tid 1836] [client ::1:52437] PHP Deprecated:  Array and string offset access syntax with curly braces is deprecated in D:\\xampp\\htdocs\\nextpost\\app\\vendor\\kint-php\\kint\\inc\\kintParser.class.php on line 463
[Thu Jun 30 07:54:06.234515 2022] [php7:notice] [pid 18920:tid 1836] [client ::1:52437] PHP Deprecated:  Array and string offset access syntax with curly braces is deprecated in D:\\xampp\\htdocs\\nextpost\\app\\vendor\\kint-php\\kint\\inc\\kintParser.class.php on line 465
[Thu Jun 30 07:54:06.429516 2022] [php7:notice] [pid 18920:tid 1836] [client ::1:52437] PHP Deprecated:  Array and string offset access syntax with curly braces is deprecated in D:\\xampp\\htdocs\\nextpost\\app\\vendor\\kint-php\\kint\\inc\\kintParser.class.php on line 463
[Thu Jun 30 07:54:06.429516 2022] [php7:notice] [pid 18920:tid 1836] [client ::1:52437] PHP Deprecated:  Array and string offset access syntax with curly braces is deprecated in D:\\xampp\\htdocs\\nextpost\\app\\vendor\\kint-php\\kint\\inc\\kintParser.class.php on line 465
[Thu Jun 30 07:54:06.541515 2022] [php7:notice] [pid 18920:tid 1836] [client ::1:52437] PHP Deprecated:  Array and string offset access syntax with curly braces is deprecated in D:\\xampp\\htdocs\\nextpost\\app\\vendor\\kint-php\\kint\\inc\\kintParser.class.php on line 463
[Thu Jun 30 07:54:06.542515 2022] [php7:notice] [pid 18920:tid 1836] [client ::1:52437] PHP Deprecated:  Array and string offset access syntax with curly braces is deprecated in D:\\xampp\\htdocs\\nextpost\\app\\vendor\\kint-php\\kint\\inc\\kintParser.class.php on line 465
[Thu Jun 30 08:09:51.577380 2022] [php7:notice] [pid 18920:tid 1836] [client ::1:64705] PHP Deprecated:  Array and string offset access syntax with curly braces is deprecated in D:\\xampp\\htdocs\\PTIT-Do-An-Thuc-Tap\\app\\vendor\\kint-php\\kint\\inc\\kintParser.class.php on line 463
[Thu Jun 30 08:09:51.578377 2022] [php7:notice] [pid 18920:tid 1836] [client ::1:64705] PHP Deprecated:  Array and string offset access syntax with curly braces is deprecated in D:\\xampp\\htdocs\\PTIT-Do-An-Thuc-Tap\\app\\vendor\\kint-php\\kint\\inc\\kintParser.class.php on line 465
